This is pdfTeX, Version 3.14159265-2.6-1.40.17 (TeX Live 2016/Arch Linux) (preloaded format=pdflatex 2017.1.23)  28 FEB 2017 14:43
entering extended mode
 restricted \write18 enabled.
 file:line:error style messages enabled.
 %&-line parsing enabled.
**u26a1.tex
(./u26a1.tex
LaTeX2e <2016/03/31> patch level 3
Babel <3.9r> and hyphenation patterns for 83 language(s) loaded.
(/usr/share/texmf-dist/tex/latex/base/article.cls
Document Class: article 2014/09/29 v1.4h Standard LaTeX document class
(/usr/share/texmf-dist/tex/latex/base/size10.clo
File: size10.clo 2014/09/29 v1.4h Standard LaTeX file (size option)
)
\c@part=\count79
\c@section=\count80
\c@subsection=\count81
\c@subsubsection=\count82
\c@paragraph=\count83
\c@subparagraph=\count84
\c@figure=\count85
\c@table=\count86
\abovecaptionskip=\skip41
\belowcaptionskip=\skip42
\bibindent=\dimen102
) (/usr/share/texmf-dist/tex/latex/amsfonts/amssymb.sty
Package: amssymb 2013/01/14 v3.01 AMS font symbols
 (/usr/share/texmf-dist/tex/latex/amsfonts/amsfonts.sty
Package: amsfonts 2013/01/14 v3.01 Basic AMSFonts support
\@emptytoks=\toks14
\symAMSa=\mathgroup4
\symAMSb=\mathgroup5
LaTeX Font Info:    Overwriting math alphabet `\mathfrak' in version `bold'
(Font)                  U/euf/m/n --> U/euf/b/n on input line 106.
)) (/usr/share/texmf-dist/tex/latex/listings/listings.sty (/usr/share/texmf-dist/tex/latex/graphics/keyval.sty
Package: keyval 2014/10/28 v1.15 key=value parser (DPC)
\KV@toks@=\toks15
)
\lst@mode=\count87
\lst@gtempboxa=\box26
\lst@token=\toks16
\lst@length=\count88
\lst@currlwidth=\dimen103
\lst@column=\count89
\lst@pos=\count90
\lst@lostspace=\dimen104
\lst@width=\dimen105
\lst@newlines=\count91
\lst@lineno=\count92
\lst@maxwidth=\dimen106
 (/usr/share/texmf-dist/tex/latex/listings/lstmisc.sty
File: lstmisc.sty 2015/06/04 1.6 (Carsten Heinz)
\c@lstnumber=\count93
\lst@skipnumbers=\count94
\lst@framebox=\box27
) (/usr/share/texmf-dist/tex/latex/listings/listings.cfg
File: listings.cfg 2015/06/04 1.6 listings configuration
))
Package: listings 2015/06/04 1.6 (Carsten Heinz)
 (/usr/share/texmf-dist/tex/latex/amsmath/amsmath.sty
Package: amsmath 2016/06/28 v2.15d AMS math features
\@mathmargin=\skip43

For additional information on amsmath, use the `?' option.
(/usr/share/texmf-dist/tex/latex/amsmath/amstext.sty
Package: amstext 2000/06/29 v2.01 AMS text
 (/usr/share/texmf-dist/tex/latex/amsmath/amsgen.sty
File: amsgen.sty 1999/11/30 v2.0 generic functions
\@emptytoks=\toks17
\ex@=\dimen107
)) (/usr/share/texmf-dist/tex/latex/amsmath/amsbsy.sty
Package: amsbsy 1999/11/29 v1.2d Bold Symbols
\pmbraise@=\dimen108
) (/usr/share/texmf-dist/tex/latex/amsmath/amsopn.sty
Package: amsopn 2016/03/08 v2.02 operator names
)
\inf@bad=\count95
LaTeX Info: Redefining \frac on input line 199.
\uproot@=\count96
\leftroot@=\count97
LaTeX Info: Redefining \overline on input line 297.
\classnum@=\count98
\DOTSCASE@=\count99
LaTeX Info: Redefining \ldots on input line 394.
LaTeX Info: Redefining \dots on input line 397.
LaTeX Info: Redefining \cdots on input line 518.
\Mathstrutbox@=\box28
\strutbox@=\box29
\big@size=\dimen109
LaTeX Font Info:    Redeclaring font encoding OML on input line 634.
LaTeX Font Info:    Redeclaring font encoding OMS on input line 635.
\macc@depth=\count100
\c@MaxMatrixCols=\count101
\dotsspace@=\muskip10
\c@parentequation=\count102
\dspbrk@lvl=\count103
\tag@help=\toks18
\row@=\count104
\column@=\count105
\maxfields@=\count106
\andhelp@=\toks19
\eqnshift@=\dimen110
\alignsep@=\dimen111
\tagshift@=\dimen112
\tagwidth@=\dimen113
\totwidth@=\dimen114
\lineht@=\dimen115
\@envbody=\toks20
\multlinegap=\skip44
\multlinetaggap=\skip45
\mathdisplay@stack=\toks21
LaTeX Info: Redefining \[ on input line 2739.
LaTeX Info: Redefining \] on input line 2740.
) (/usr/share/texmf-dist/tex/latex/float/float.sty
Package: float 2001/11/08 v1.3d Float enhancements (AL)
\c@float@type=\count107
\float@exts=\toks22
\float@box=\box30
\@float@everytoks=\toks23
\@floatcapt=\box31
) (/usr/share/texmf-dist/tex/latex/geometry/geometry.sty
Package: geometry 2010/09/12 v5.6 Page Geometry
 (/usr/share/texmf-dist/tex/generic/oberdiek/ifpdf.sty
Package: ifpdf 2016/05/14 v3.1 Provides the ifpdf switch
) (/usr/share/texmf-dist/tex/generic/oberdiek/ifvtex.sty
Package: ifvtex 2016/05/16 v1.6 Detect VTeX and its facilities (HO)
Package ifvtex Info: VTeX not detected.
) (/usr/share/texmf-dist/tex/generic/ifxetex/ifxetex.sty
Package: ifxetex 2010/09/12 v0.6 Provides ifxetex conditional
)
\Gm@cnth=\count108
\Gm@cntv=\count109
\c@Gm@tempcnt=\count110
\Gm@bindingoffset=\dimen116
\Gm@wd@mp=\dimen117
\Gm@odd@mp=\dimen118
\Gm@even@mp=\dimen119
\Gm@layoutwidth=\dimen120
\Gm@layoutheight=\dimen121
\Gm@layouthoffset=\dimen122
\Gm@layoutvoffset=\dimen123
\Gm@dimlist=\toks24
) (./u26a1.aux)
\openout1 = `u26a1.aux'.

LaTeX Font Info:    Checking defaults for OML/cmm/m/it on input line 9.
LaTeX Font Info:    ... okay on input line 9.
LaTeX Font Info:    Checking defaults for T1/cmr/m/n on input line 9.
LaTeX Font Info:    ... okay on input line 9.
LaTeX Font Info:    Checking defaults for OT1/cmr/m/n on input line 9.
LaTeX Font Info:    ... okay on input line 9.
LaTeX Font Info:    Checking defaults for OMS/cmsy/m/n on input line 9.
LaTeX Font Info:    ... okay on input line 9.
LaTeX Font Info:    Checking defaults for OMX/cmex/m/n on input line 9.
LaTeX Font Info:    ... okay on input line 9.
LaTeX Font Info:    Checking defaults for U/cmr/m/n on input line 9.
LaTeX Font Info:    ... okay on input line 9.
\c@lstlisting=\count111

*geometry* driver: auto-detecting
*geometry* detected driver: pdftex
*geometry* verbose mode - [ preamble ] result:
* driver: pdftex
* paper: a4paper
* layout: <same size as paper>
* layoutoffset:(h,v)=(0.0pt,0.0pt)
* modes: 
* h-part:(L,W,R)=(89.62709pt, 418.25368pt, 89.6271pt)
* v-part:(T,H,B)=(101.40665pt, 591.5302pt, 152.11pt)
* \paperwidth=597.50787pt
* \paperheight=845.04684pt
* \textwidth=418.25368pt
* \textheight=591.5302pt
* \oddsidemargin=17.3571pt
* \evensidemargin=17.3571pt
* \topmargin=-7.86334pt
* \headheight=12.0pt
* \headsep=25.0pt
* \topskip=10.0pt
* \footskip=30.0pt
* \marginparwidth=65.0pt
* \marginparsep=11.0pt
* \columnsep=10.0pt
* \skip\footins=9.0pt plus 4.0pt minus 2.0pt
* \hoffset=0.0pt
* \voffset=0.0pt
* \mag=1000
* \@twocolumnfalse
* \@twosidefalse
* \@mparswitchfalse
* \@reversemarginfalse
* (1in=72.27pt=25.4mm, 1cm=28.453pt)

LaTeX Font Info:    Try loading font information for U+msa on input line 13.
(/usr/share/texmf-dist/tex/latex/amsfonts/umsa.fd
File: umsa.fd 2013/01/14 v3.01 AMS symbols A
)
LaTeX Font Info:    Try loading font information for U+msb on input line 13.
 (/usr/share/texmf-dist/tex/latex/amsfonts/umsb.fd
File: umsb.fd 2013/01/14 v3.01 AMS symbols B
) [1

{/var/lib/texmf/fonts/map/pdftex/updmap/pdftex.map}] (./u26a1.toc [2])
\tf@toc=\write3
\openout3 = `u26a1.toc'.

 [3] [4]
./u26a1.tex:97: Missing $ inserted.
<inserted text> 
                $
l.97 	\begin{center}
                    
I've inserted a begin-math/end-math symbol since I think
you left one out. Proceed, with fingers crossed.

./u26a1.tex:97: Missing \endgroup inserted.
<inserted text> 
                \endgroup 
l.97 	\begin{center}
                    
I've inserted something that you may have forgotten.
(See the <inserted text> above.)
With luck, this will get me unwedged. But if you
really didn't forget anything, try typing `2' now; then
my insertion and my current dilemma will both disappear.

./u26a1.tex:97: Display math should end with $$.
<to be read again> 
                   \par 
l.97 	\begin{center}
                    
The `$' that I just saw supposedly matches a previous `$$'.
So I shall assume that you typed `$$' both times.


./u26a1.tex:99: LaTeX Error: \begin{equation*} on input line 88 ended by \end{center}.

See the LaTeX manual or LaTeX Companion for explanation.
Type  H <return>  for immediate help.
 ...                                              
                                                  
l.99 	\end{center}
                  
Your command was ignored.
Type  I <command> <return>  to replace it with another command,
or  <return>  to continue without it.


./u26a1.tex:100: LaTeX Error: Bad math environment delimiter.

See the LaTeX manual or LaTeX Companion for explanation.
Type  H <return>  for immediate help.
 ...                                              
                                                  
l.100 \]
        
Your command was ignored.
Type  I <command> <return>  to replace it with another command,
or  <return>  to continue without it.


./u26a1.tex:100: LaTeX Error: \begin{document} ended by \end{equation*}.

See the LaTeX manual or LaTeX Companion for explanation.
Type  H <return>  for immediate help.
 ...                                              
                                                  
l.100 \]
        
Your command was ignored.
Type  I <command> <return>  to replace it with another command,
or  <return>  to continue without it.

./u26a1.tex:100: Missing $ inserted.
<inserted text> 
                $
l.100 \]
        
I've inserted something that you may have forgotten.
(See the <inserted text> above.)
With luck, this will get me unwedged. But if you
really didn't forget anything, try typing `2' now; then
my insertion and my current dilemma will both disappear.

./u26a1.tex:100: Display math should end with $$.
<to be read again> 
                   \endgroup 
l.100 \]
        
The `$' that I just saw supposedly matches a previous `$$'.
So I shall assume that you typed `$$' both times.

./u26a1.tex:100: Extra \endgroup.
<recently read> \endgroup 
                          
l.100 \]
        
Things are pretty mixed up, but I think the worst is over.

[5] [6] [7]
Overfull \hbox (7.85704pt too wide) detected at line 439
[] [] \OT1/cmr/m/n/10 = [] \OMS/cmsy/m/n/10 ) []
 []


Overfull \hbox (1.46791pt too wide) detected at line 490
[]
 []

[8]
./u26a1.tex:572: Missing $ inserted.
<inserted text> 
                $
l.572 
      
I've inserted a begin-math/end-math symbol since I think
you left one out. Proceed, with fingers crossed.

./u26a1.tex:572: Display math should end with $$.
<to be read again> 
                   \par 
l.572 
      
The `$' that I just saw supposedly matches a previous `$$'.
So I shall assume that you typed `$$' both times.


./u26a1.tex:573: LaTeX Error: Bad math environment delimiter.

See the LaTeX manual or LaTeX Companion for explanation.
Type  H <return>  for immediate help.
 ...                                              
                                                  
l.573 \]
        
Your command was ignored.
Type  I <command> <return>  to replace it with another command,
or  <return>  to continue without it.

./u26a1.tex:573: Missing $ inserted.
<inserted text> 
                $
l.573 \]
        
I've inserted something that you may have forgotten.
(See the <inserted text> above.)
With luck, this will get me unwedged. But if you
really didn't forget anything, try typing `2' now; then
my insertion and my current dilemma will both disappear.

./u26a1.tex:573: Display math should end with $$.
<to be read again> 
                   \endgroup 
l.573 \]
        
The `$' that I just saw supposedly matches a previous `$$'.
So I shall assume that you typed `$$' both times.

[9] [10] [11] [12] [13]
./u26a1.tex:912: Missing $ inserted.
<inserted text> 
                $
l.912 	\begin{center}
                     
I've inserted a begin-math/end-math symbol since I think
you left one out. Proceed, with fingers crossed.

./u26a1.tex:912: Missing \endgroup inserted.
<inserted text> 
                \endgroup 
l.912 	\begin{center}
                     
I've inserted something that you may have forgotten.
(See the <inserted text> above.)
With luck, this will get me unwedged. But if you
really didn't forget anything, try typing `2' now; then
my insertion and my current dilemma will both disappear.

./u26a1.tex:912: Display math should end with $$.
<to be read again> 
                   \par 
l.912 	\begin{center}
                     
The `$' that I just saw supposedly matches a previous `$$'.
So I shall assume that you typed `$$' both times.


./u26a1.tex:914: LaTeX Error: \begin{equation*} on input line 906 ended by \end{center}.

See the LaTeX manual or LaTeX Companion for explanation.
Type  H <return>  for immediate help.
 ...                                              
                                                  
l.914 	\end{center}
                   
Your command was ignored.
Type  I <command> <return>  to replace it with another command,
or  <return>  to continue without it.


./u26a1.tex:915: LaTeX Error: Bad math environment delimiter.

See the LaTeX manual or LaTeX Companion for explanation.
Type  H <return>  for immediate help.
 ...                                              
                                                  
l.915 \]
        
Your command was ignored.
Type  I <command> <return>  to replace it with another command,
or  <return>  to continue without it.


./u26a1.tex:915: LaTeX Error: \begin{document} ended by \end{equation*}.

See the LaTeX manual or LaTeX Companion for explanation.
Type  H <return>  for immediate help.
 ...                                              
                                                  
l.915 \]
        
Your command was ignored.
Type  I <command> <return>  to replace it with another command,
or  <return>  to continue without it.

./u26a1.tex:915: Missing $ inserted.
<inserted text> 
                $
l.915 \]
        
I've inserted something that you may have forgotten.
(See the <inserted text> above.)
With luck, this will get me unwedged. But if you
really didn't forget anything, try typing `2' now; then
my insertion and my current dilemma will both disappear.

./u26a1.tex:915: Display math should end with $$.
<to be read again> 
                   \endgroup 
l.915 \]
        
The `$' that I just saw supposedly matches a previous `$$'.
So I shall assume that you typed `$$' both times.

./u26a1.tex:915: Extra \endgroup.
<recently read> \endgroup 
                          
l.915 \]
        
Things are pretty mixed up, but I think the worst is over.

./u26a1.tex:931: Missing delimiter (. inserted).
<to be read again> 
                   ^
l.931 	\right^
              T
I was expecting to see something like `(' or `\{' or
`\}' here. If you typed, e.g., `{' instead of `\{', you
should probably delete the `{' by typing `1' now, so that
braces don't get unbalanced. Otherwise just proceed.
Acceptable delimiters are characters whose \delcode is
nonnegative, or you can use `\delimiter <delimiter code>'.

./u26a1.tex:931: Extra \right.
<to be read again> 
                   ^
l.931 	\right^
              T
I'm ignoring a \right that had no matching \left.

./u26a1.tex:951: Missing $ inserted.
<inserted text> 
                $
l.951 
      
I've inserted a begin-math/end-math symbol since I think
you left one out. Proceed, with fingers crossed.

./u26a1.tex:951: Display math should end with $$.
<to be read again> 
                   \par 
l.951 
      
The `$' that I just saw supposedly matches a previous `$$'.
So I shall assume that you typed `$$' both times.

[14]

./u26a1.tex:952: LaTeX Error: Bad math environment delimiter.

See the LaTeX manual or LaTeX Companion for explanation.
Type  H <return>  for immediate help.
 ...                                              
                                                  
l.952 \]
        
Your command was ignored.
Type  I <command> <return>  to replace it with another command,
or  <return>  to continue without it.

./u26a1.tex:952: Missing $ inserted.
<inserted text> 
                $
l.952 \]
        
I've inserted something that you may have forgotten.
(See the <inserted text> above.)
With luck, this will get me unwedged. But if you
really didn't forget anything, try typing `2' now; then
my insertion and my current dilemma will both disappear.

./u26a1.tex:952: Display math should end with $$.
<to be read again> 
                   \endgroup 
l.952 \]
        
The `$' that I just saw supposedly matches a previous `$$'.
So I shall assume that you typed `$$' both times.

./u26a1.tex:976: Missing delimiter (. inserted).
<to be read again> 
                   ^
l.976 	\right^
              t
I was expecting to see something like `(' or `\{' or
`\}' here. If you typed, e.g., `{' instead of `\{', you
should probably delete the `{' by typing `1' now, so that
braces don't get unbalanced. Otherwise just proceed.
Acceptable delimiters are characters whose \delcode is
nonnegative, or you can use `\delimiter <delimiter code>'.

./u26a1.tex:976: Extra \right.
<to be read again> 
                   ^
l.976 	\right^
              t
I'm ignoring a \right that had no matching \left.

./u26a1.tex:982: Missing delimiter (. inserted).
<to be read again> 
                   ^
l.982 	\right^
              T
I was expecting to see something like `(' or `\{' or
`\}' here. If you typed, e.g., `{' instead of `\{', you
should probably delete the `{' by typing `1' now, so that
braces don't get unbalanced. Otherwise just proceed.
Acceptable delimiters are characters whose \delcode is
nonnegative, or you can use `\delimiter <delimiter code>'.

./u26a1.tex:982: Extra \right.
<to be read again> 
                   ^
l.982 	\right^
              T
I'm ignoring a \right that had no matching \left.

./u26a1.tex:990: Missing delimiter (. inserted).
<to be read again> 
                   ^
l.990 	\right^
              T
I was expecting to see something like `(' or `\{' or
`\}' here. If you typed, e.g., `{' instead of `\{', you
should probably delete the `{' by typing `1' now, so that
braces don't get unbalanced. Otherwise just proceed.
Acceptable delimiters are characters whose \delcode is
nonnegative, or you can use `\delimiter <delimiter code>'.

./u26a1.tex:990: Extra \right.
<to be read again> 
                   ^
l.990 	\right^
              T
I'm ignoring a \right that had no matching \left.

./u26a1.tex:1007: Missing delimiter (. inserted).
<to be read again> 
                   ^
l.1007 	\right^
               T
I was expecting to see something like `(' or `\{' or
`\}' here. If you typed, e.g., `{' instead of `\{', you
should probably delete the `{' by typing `1' now, so that
braces don't get unbalanced. Otherwise just proceed.
Acceptable delimiters are characters whose \delcode is
nonnegative, or you can use `\delimiter <delimiter code>'.

./u26a1.tex:1007: Extra \right.
<to be read again> 
                   ^
l.1007 	\right^
               T
I'm ignoring a \right that had no matching \left.

./u26a1.tex:1034: Missing delimiter (. inserted).
<to be read again> 
                   ^
l.1034 	\right^
               T
I was expecting to see something like `(' or `\{' or
`\}' here. If you typed, e.g., `{' instead of `\{', you
should probably delete the `{' by typing `1' now, so that
braces don't get unbalanced. Otherwise just proceed.
Acceptable delimiters are characters whose \delcode is
nonnegative, or you can use `\delimiter <delimiter code>'.

./u26a1.tex:1034: Extra \right.
<to be read again> 
                   ^
l.1034 	\right^
               T
I'm ignoring a \right that had no matching \left.

[15]
./u26a1.tex:1050: Missing delimiter (. inserted).
<to be read again> 
                   ^
l.1050 	\right^
               T
I was expecting to see something like `(' or `\{' or
`\}' here. If you typed, e.g., `{' instead of `\{', you
should probably delete the `{' by typing `1' now, so that
braces don't get unbalanced. Otherwise just proceed.
Acceptable delimiters are characters whose \delcode is
nonnegative, or you can use `\delimiter <delimiter code>'.

./u26a1.tex:1050: Extra \right.
<to be read again> 
                   ^
l.1050 	\right^
               T
I'm ignoring a \right that had no matching \left.


Overfull \hbox (33.04576pt too wide) detected at line 1071
[][] \OMS/cmsy/m/n/10 ) [] [] ) [] ) []
 []

[16]
Overfull \hbox (12.3321pt too wide) in paragraph at lines 1187--1187
[] 
 []

./u26a1.tex:1301: Missing $ inserted.
<inserted text> 
                $
l.1301 
       
I've inserted a begin-math/end-math symbol since I think
you left one out. Proceed, with fingers crossed.

./u26a1.tex:1301: Display math should end with $$.
<to be read again> 
                   \par 
l.1301 
       
The `$' that I just saw supposedly matches a previous `$$'.
So I shall assume that you typed `$$' both times.


Overfull \hbox (17.30188pt too wide) detected at line 1301
[] \OMS/cmsy/m/n/10 ) [] [] ) [] ) []
 []

[17]

./u26a1.tex:1302: LaTeX Error: Bad math environment delimiter.

See the LaTeX manual or LaTeX Companion for explanation.
Type  H <return>  for immediate help.
 ...                                              
                                                  
l.1302 \]
         
Your command was ignored.
Type  I <command> <return>  to replace it with another command,
or  <return>  to continue without it.

./u26a1.tex:1302: Missing $ inserted.
<inserted text> 
                $
l.1302 \]
         
I've inserted something that you may have forgotten.
(See the <inserted text> above.)
With luck, this will get me unwedged. But if you
really didn't forget anything, try typing `2' now; then
my insertion and my current dilemma will both disappear.

./u26a1.tex:1302: Display math should end with $$.
<to be read again> 
                   \endgroup 
l.1302 \]
         
The `$' that I just saw supposedly matches a previous `$$'.
So I shall assume that you typed `$$' both times.


Overfull \hbox (12.28606pt too wide) detected at line 1344
\OML/cmm/m/it/10 P[] \OT1/cmr/m/n/10 = [] [] = [] = []
 []


Overfull \hbox (12.3321pt too wide) in paragraph at lines 1379--1379
[] 
 []


Overfull \hbox (70.08018pt too wide) detected at line 1493
[] \OMS/cmsy/m/n/10 ) [] [] ) [] ) []
 []

[18]
Overfull \hbox (43.32713pt too wide) detected at line 1535
\OML/cmm/m/it/10 Q[] \OT1/cmr/m/n/10 = [] [] = [] = []
 []

./u26a1.tex:1550: Missing delimiter (. inserted).
<to be read again> 
                   ^
l.1550 	\right^
               T
I was expecting to see something like `(' or `\{' or
`\}' here. If you typed, e.g., `{' instead of `\{', you
should probably delete the `{' by typing `1' now, so that
braces don't get unbalanced. Otherwise just proceed.
Acceptable delimiters are characters whose \delcode is
nonnegative, or you can use `\delimiter <delimiter code>'.

./u26a1.tex:1550: Extra \right.
<to be read again> 
                   ^
l.1550 	\right^
               T
I'm ignoring a \right that had no matching \left.

./u26a1.tex:1567: Missing $ inserted.
<inserted text> 
                $
l.1567 \begin{center}
                     \vspace{0.5cm}$\therefore
I've inserted a begin-math/end-math symbol since I think
you left one out. Proceed, with fingers crossed.

./u26a1.tex:1567: Missing \endgroup inserted.
<inserted text> 
                \endgroup 
l.1567 \begin{center}
                     \vspace{0.5cm}$\therefore
I've inserted something that you may have forgotten.
(See the <inserted text> above.)
With luck, this will get me unwedged. But if you
really didn't forget anything, try typing `2' now; then
my insertion and my current dilemma will both disappear.

./u26a1.tex:1567: Display math should end with $$.
<to be read again> 
                   \par 
l.1567 \begin{center}
                     \vspace{0.5cm}$\therefore
The `$' that I just saw supposedly matches a previous `$$'.
So I shall assume that you typed `$$' both times.

./u26a1.tex:1572: Missing delimiter (. inserted).
<to be read again> 
                   ^
l.1572 	\right^
               T
I was expecting to see something like `(' or `\{' or
`\}' here. If you typed, e.g., `{' instead of `\{', you
should probably delete the `{' by typing `1' now, so that
braces don't get unbalanced. Otherwise just proceed.
Acceptable delimiters are characters whose \delcode is
nonnegative, or you can use `\delimiter <delimiter code>'.

./u26a1.tex:1572: Extra \right.
<to be read again> 
                   ^
l.1572 	\right^
               T
I'm ignoring a \right that had no matching \left.


./u26a1.tex:1578: LaTeX Error: \begin{equation*} on input line 1545 ended by \end{center}.

See the LaTeX manual or LaTeX Companion for explanation.
Type  H <return>  for immediate help.
 ...                                              
                                                  
l.1578 $\end{center}
                    
Your command was ignored.
Type  I <command> <return>  to replace it with another command,
or  <return>  to continue without it.


./u26a1.tex:1579: LaTeX Error: Bad math environment delimiter.

See the LaTeX manual or LaTeX Companion for explanation.
Type  H <return>  for immediate help.
 ...                                              
                                                  
l.1579 \]
         
Your command was ignored.
Type  I <command> <return>  to replace it with another command,
or  <return>  to continue without it.


./u26a1.tex:1579: LaTeX Error: \begin{document} ended by \end{equation*}.

See the LaTeX manual or LaTeX Companion for explanation.
Type  H <return>  for immediate help.
 ...                                              
                                                  
l.1579 \]
         
Your command was ignored.
Type  I <command> <return>  to replace it with another command,
or  <return>  to continue without it.

./u26a1.tex:1579: Missing $ inserted.
<inserted text> 
                $
l.1579 \]
         
I've inserted something that you may have forgotten.
(See the <inserted text> above.)
With luck, this will get me unwedged. But if you
really didn't forget anything, try typing `2' now; then
my insertion and my current dilemma will both disappear.

./u26a1.tex:1579: Display math should end with $$.
<to be read again> 
                   \endgroup 
l.1579 \]
         
The `$' that I just saw supposedly matches a previous `$$'.
So I shall assume that you typed `$$' both times.

./u26a1.tex:1579: Extra \endgroup.
<recently read> \endgroup 
                          
l.1579 \]
         
Things are pretty mixed up, but I think the worst is over.

./u26a1.tex:1587: Missing delimiter (. inserted).
<to be read again> 
                   ^
l.1587 	\right^
               T
I was expecting to see something like `(' or `\{' or
`\}' here. If you typed, e.g., `{' instead of `\{', you
should probably delete the `{' by typing `1' now, so that
braces don't get unbalanced. Otherwise just proceed.
Acceptable delimiters are characters whose \delcode is
nonnegative, or you can use `\delimiter <delimiter code>'.

./u26a1.tex:1587: Extra \right.
<to be read again> 
                   ^
l.1587 	\right^
               T
I'm ignoring a \right that had no matching \left.

./u26a1.tex:1607: Missing $ inserted.
<inserted text> 
                $
l.1607 \begin{center}
                     \vspace{0.5cm}$\therefore
I've inserted a begin-math/end-math symbol since I think
you left one out. Proceed, with fingers crossed.

./u26a1.tex:1607: Missing \endgroup inserted.
<inserted text> 
                \endgroup 
l.1607 \begin{center}
                     \vspace{0.5cm}$\therefore
I've inserted something that you may have forgotten.
(See the <inserted text> above.)
With luck, this will get me unwedged. But if you
really didn't forget anything, try typing `2' now; then
my insertion and my current dilemma will both disappear.

./u26a1.tex:1607: Display math should end with $$.
<to be read again> 
                   \par 
l.1607 \begin{center}
                     \vspace{0.5cm}$\therefore
The `$' that I just saw supposedly matches a previous `$$'.
So I shall assume that you typed `$$' both times.

./u26a1.tex:1613: Missing delimiter (. inserted).
<to be read again> 
                   ^
l.1613 	\right^
               T
I was expecting to see something like `(' or `\{' or
`\}' here. If you typed, e.g., `{' instead of `\{', you
should probably delete the `{' by typing `1' now, so that
braces don't get unbalanced. Otherwise just proceed.
Acceptable delimiters are characters whose \delcode is
nonnegative, or you can use `\delimiter <delimiter code>'.

./u26a1.tex:1613: Extra \right.
<to be read again> 
                   ^
l.1613 	\right^
               T
I'm ignoring a \right that had no matching \left.


./u26a1.tex:1620: LaTeX Error: \begin{equation*} on input line 1581 ended by \end{center}.

See the LaTeX manual or LaTeX Companion for explanation.
Type  H <return>  for immediate help.
 ...                                              
                                                  
l.1620 $\end{center}
                    
Your command was ignored.
Type  I <command> <return>  to replace it with another command,
or  <return>  to continue without it.


./u26a1.tex:1621: LaTeX Error: Bad math environment delimiter.

See the LaTeX manual or LaTeX Companion for explanation.
Type  H <return>  for immediate help.
 ...                                              
                                                  
l.1621 \]
         
Your command was ignored.
Type  I <command> <return>  to replace it with another command,
or  <return>  to continue without it.


./u26a1.tex:1621: LaTeX Error: \begin{document} ended by \end{equation*}.

See the LaTeX manual or LaTeX Companion for explanation.
Type  H <return>  for immediate help.
 ...                                              
                                                  
l.1621 \]
         
Your command was ignored.
Type  I <command> <return>  to replace it with another command,
or  <return>  to continue without it.

./u26a1.tex:1621: Missing $ inserted.
<inserted text> 
                $
l.1621 \]
         
I've inserted something that you may have forgotten.
(See the <inserted text> above.)
With luck, this will get me unwedged. But if you
really didn't forget anything, try typing `2' now; then
my insertion and my current dilemma will both disappear.

./u26a1.tex:1621: Display math should end with $$.
<to be read again> 
                   \endgroup 
l.1621 \]
         
The `$' that I just saw supposedly matches a previous `$$'.
So I shall assume that you typed `$$' both times.

./u26a1.tex:1621: Extra \endgroup.
<recently read> \endgroup 
                          
l.1621 \]
         
Things are pretty mixed up, but I think the worst is over.

./u26a1.tex:1628: Missing delimiter (. inserted).
<to be read again> 
                   ^
l.1628 	\right^
               T
I was expecting to see something like `(' or `\{' or
`\}' here. If you typed, e.g., `{' instead of `\{', you
should probably delete the `{' by typing `1' now, so that
braces don't get unbalanced. Otherwise just proceed.
Acceptable delimiters are characters whose \delcode is
nonnegative, or you can use `\delimiter <delimiter code>'.

./u26a1.tex:1628: Extra \right.
<to be read again> 
                   ^
l.1628 	\right^
               T
I'm ignoring a \right that had no matching \left.

./u26a1.tex:1653: Missing delimiter (. inserted).
<to be read again> 
                   ^
l.1653 	\right^
               T
I was expecting to see something like `(' or `\{' or
`\}' here. If you typed, e.g., `{' instead of `\{', you
should probably delete the `{' by typing `1' now, so that
braces don't get unbalanced. Otherwise just proceed.
Acceptable delimiters are characters whose \delcode is
nonnegative, or you can use `\delimiter <delimiter code>'.

./u26a1.tex:1653: Extra \right.
<to be read again> 
                   ^
l.1653 	\right^
               T
I'm ignoring a \right that had no matching \left.

[19] [20]
./u26a1.tex:1799: Missing delimiter (. inserted).
<to be read again> 
                   ^
l.1799 	\right^
               {-1}
I was expecting to see something like `(' or `\{' or
`\}' here. If you typed, e.g., `{' instead of `\{', you
should probably delete the `{' by typing `1' now, so that
braces don't get unbalanced. Otherwise just proceed.
Acceptable delimiters are characters whose \delcode is
nonnegative, or you can use `\delimiter <delimiter code>'.

./u26a1.tex:1799: Extra \right.
<to be read again> 
                   ^
l.1799 	\right^
               {-1}
I'm ignoring a \right that had no matching \left.

[21]
./u26a1.tex:1938: Missing delimiter (. inserted).
<to be read again> 
                   ^
l.1938 	\right^
               {-1}
I was expecting to see something like `(' or `\{' or
`\}' here. If you typed, e.g., `{' instead of `\{', you
should probably delete the `{' by typing `1' now, so that
braces don't get unbalanced. Otherwise just proceed.
Acceptable delimiters are characters whose \delcode is
nonnegative, or you can use `\delimiter <delimiter code>'.

./u26a1.tex:1938: Extra \right.
<to be read again> 
                   ^
l.1938 	\right^
               {-1}
I'm ignoring a \right that had no matching \left.

./u26a1.tex:2013: Missing $ inserted.
<inserted text> 
                $
l.2013 
       
I've inserted a begin-math/end-math symbol since I think
you left one out. Proceed, with fingers crossed.

./u26a1.tex:2013: Display math should end with $$.
<to be read again> 
                   \par 
l.2013 
       
The `$' that I just saw supposedly matches a previous `$$'.
So I shall assume that you typed `$$' both times.

./u26a1.tex:2015: Missing $ inserted.
<inserted text> 
                $
l.2015 	\begin{pmatrix}
                       
I've inserted a begin-math/end-math symbol since I think
you left one out. Proceed, with fingers crossed.

./u26a1.tex:2018: Missing $ inserted.
<inserted text> 
                $
l.2018 	\end{pmatrix}
                     
I've inserted something that you may have forgotten.
(See the <inserted text> above.)
With luck, this will get me unwedged. But if you
really didn't forget anything, try typing `2' now; then
my insertion and my current dilemma will both disappear.

./u26a1.tex:2019: Missing $ inserted.
<inserted text> 
                $
l.2019 	\rightarrow
                   
I've inserted a begin-math/end-math symbol since I think
you left one out. Proceed, with fingers crossed.

./u26a1.tex:2029: Missing $ inserted.
<inserted text> 
                $
l.2029 \]
         
I've inserted something that you may have forgotten.
(See the <inserted text> above.)
With luck, this will get me unwedged. But if you
really didn't forget anything, try typing `2' now; then
my insertion and my current dilemma will both disappear.

[22] [23] [24] [25] (./u26a1.aux) ) 
Here is how much of TeX's memory you used:
 2903 strings out of 493013
 38085 string characters out of 6139317
 125448 words of memory out of 5000000
 6440 multiletter control sequences out of 15000+600000
 13434 words of font info for 51 fonts, out of 8000000 for 9000
 1141 hyphenation exceptions out of 8191
 27i,21n,32p,1089b,839s stack positions out of 5000i,500n,10000p,200000b,80000s
 </usr/share/texmf-dist/fonts/pk/ljfour/public/cm/dpi600/cmti10.pk> </home/fourfour/.texlive/texmf-var/fonts/pk/ljfour/public/cm/cmbxti10.600pk> </home/fourfour/.texlive/texmf-var/fonts/pk/ljfour/public/amsfonts/symbols/msam10.600pk> </home/fourfour/.texlive/texmf-var/fonts/pk/ljfour/public/cm/cmbx9.600pk> </home/fourfour/.texlive/texmf-var/fonts/pk/ljfour/public/cm/cmbx12.600pk> </usr/share/texmf-dist/fonts/pk/ljfour/public/cm/dpi600/cmsy10.pk> </usr/share/texmf-dist/fonts/pk/ljfour/public/cm/dpi600/cmex10.pk> </usr/share/texmf-dist/fonts/pk/ljfour/public/cm/dpi600/cmmi7.pk> </usr/share/texmf-dist/fonts/pk/ljfour/public/cm/dpi600/cmr7.pk> </usr/share/texmf-dist/fonts/pk/ljfour/public/cm/dpi600/cmsy7.pk> </usr/share/texmf-dist/fonts/pk/ljfour/public/cm/dpi600/cmmi10.pk> </usr/share/texmf-dist/fonts/pk/ljfour/public/cm/dpi600/cmbx10.pk> </home/fourfour/.texlive/texmf-var/fonts/pk/ljfour/public/cm/cmbx12.720pk> </usr/share/texmf-dist/fonts/pk/ljfour/public/cm/dpi600/cmr10.pk> </usr/share/texmf-dist/fonts/pk/ljfour/public/cm/dpi600/cmr12.pk> </usr/share/texmf-dist/fonts/pk/ljfour/public/cm/dpi600/cmr17.pk>
Output written on u26a1.pdf (25 pages, 173759 bytes).
PDF statistics:
 553 PDF objects out of 1000 (max. 8388607)
 121 compressed objects within 2 object streams
 0 named destinations out of 1000 (max. 500000)
 1 words of extra memory for PDF output out of 10000 (max. 10000000)

